[34204][1596140504879][main][info]["Booting Postman 7.29.0, linux-5.7.10-arch1-1 on x64"]
[34204][1596140504881][main][info]["EventBus~initialize - Success"]
[34204][1596140504883][main][warn]["CloudProxyManager~init: Error while reading proxy configuration from user data - ",{"errno":-2,"code":"ENOENT","syscall":"open","path":"/home/tito/.config/Postman/Postman_Config/proxy","name":"Error","message":"ENOENT: no such file or directory, open '/home/tito/.config/Postman/Postman_Config/proxy'","stack":"Error: ENOENT: no such file or directory, open '/home/tito/.config/Postman/Postman_Config/proxy'"}]
[34204][1596140504883][main][info]["CloudProxyManager~init - Success"]
[34204][1596140504887][main][info]["UpdateHandler~init - Success"]
[34204][1596140505078][main][info]["RuntimeIPCAgent~started: Success"]
[34204][1596140505206][main][info]["LinuxAutoUpdater~Cleanup - Initial cleanup successful"]
[34204][1596140505247][main][warn]["main~populateInstallationId: Failed to get installationId from appSettings but with no error"]
[34204][1596140505282][main][info]["Bootstrap-models~bootstrap - Success"]
[34204][1596140505607][main][info]["window-manager~newSharedWindow: Shell loaded"]
[34204][1596140511155][main][info]["Main~AppEvents - Received booted event for process shared"]
[34204][1596140516616][main][info]["UpdateHandler~app-update-events - Received event",{"name":"checkForElectronVersionUpdated","namespace":"appUpdate"}]
[34204][1596140516627][main][info]["Main~AppEvents - Received booted event for process requester"]
[34204][1596140527503][main][info]["UpdateHandler~app-update-events - Received event",{"data":{"additionalParamsString":"installationId=b7cebaa4-5df7-4917-a398-b3882a15e8ae&userId=0&syncEnabled=false&teamPlan=","appId":"b7cebaa4-5df7-4917-a398-b3882a15e8ae","arch":"64","channel":"stable","downloadURL":"https://dl.pstmn.io/download/version/7.29.1/linux_64","downloadVersion":"7.29.1","platform":"LINUX","updateServerDomain":"https://dl.pstmn.io/","userAgent":"Mozilla/5.0 (X11; Linux x86_64) AppleWebKit/537.36 (KHTML, like Gecko) Postman/7.29.0 Chrome/78.0.3904.130 Electron/7.1.14 Safari/537.36","userId":"0","version":"7.29.0"},"name":"updateElectron","namespace":"appUpdate"}]
[34204][1596140527504][main][info]["LinuxUpdater~downloadUpdate - UpdateInfo received",{"additionalParamsString":"installationId=b7cebaa4-5df7-4917-a398-b3882a15e8ae&userId=0&syncEnabled=false&teamPlan=","appId":"b7cebaa4-5df7-4917-a398-b3882a15e8ae","arch":"64","channel":"stable","downloadURL":"https://dl.pstmn.io/download/version/7.29.1/linux_64","downloadVersion":"7.29.1","platform":"LINUX","updateServerDomain":"https://dl.pstmn.io/","userAgent":"Mozilla/5.0 (X11; Linux x86_64) AppleWebKit/537.36 (KHTML, like Gecko) Postman/7.29.0 Chrome/78.0.3904.130 Electron/7.1.14 Safari/537.36","userId":"0","version":"7.29.0"}]
[34204][1596140527832][main][info]["@postman/app-updater: error",{"errno":-13,"code":"EACCES","syscall":"open","path":"/usr/Postman-1596140527504.tar.gz","name":"Error","message":"EACCES: permission denied, open '/usr/Postman-1596140527504.tar.gz'","stack":"Error: EACCES: permission denied, open '/usr/Postman-1596140527504.tar.gz'"},{"packageName":"Postman","eID":"Postman-1596140527504","downloadURL":"https://dl.pstmn.io/download/version/7.29.1/linux_64","downloadDirectory":"/usr","downloadInfo":{"status":"DOWNLOAD_ERROR","error":{"errno":-13,"code":"EACCES","syscall":"open","path":"/usr/Postman-1596140527504.tar.gz"},"downloadDirectory":"/usr"}}]
[34204][1596140527834][main][info]["UpdateHandler~app-update-events - Received event",{"name":"electronAppUpdateError","namespace":"appUpdate","data":{"error":{"errno":-13,"code":"EACCES","syscall":"open","path":"/usr/Postman-1596140527504.tar.gz","name":"Error","message":"EACCES: permission denied, open '/usr/Postman-1596140527504.tar.gz'","stack":"Error: EACCES: permission denied, open '/usr/Postman-1596140527504.tar.gz'"},"updateData":{"packageName":"Postman","eID":"Postman-1596140527504","downloadURL":"https://dl.pstmn.io/download/version/7.29.1/linux_64","downloadDirectory":"/usr","downloadInfo":{"status":"DOWNLOAD_ERROR","error":{"errno":-13,"code":"EACCES","syscall":"open","path":"/usr/Postman-1596140527504.tar.gz"},"downloadDirectory":"/usr"}}}}]
[34204][1596140534428][main][info]["WindowManager~closeHandler - Closed Window (id: 4 )"]
[34204][1596140534448][main][info]["Quitting app"]
[1607][1596368001712][main][info]["Booting Postman 7.29.0, linux-5.7.11-arch1-1 on x64"]
[1607][1596368001714][main][info]["EventBus~initialize - Success"]
[1607][1596368001716][main][warn]["CloudProxyManager~init: Error while reading proxy configuration from user data - ",{"errno":-2,"code":"ENOENT","syscall":"open","path":"/home/tito/.config/Postman/Postman_Config/proxy","name":"Error","message":"ENOENT: no such file or directory, open '/home/tito/.config/Postman/Postman_Config/proxy'","stack":"Error: ENOENT: no such file or directory, open '/home/tito/.config/Postman/Postman_Config/proxy'"}]
[1607][1596368001717][main][info]["CloudProxyManager~init - Success"]
[1607][1596368001721][main][info]["UpdateHandler~init - Success"]
[1607][1596368002109][main][info]["RuntimeIPCAgent~started: Success"]
[1607][1596368002246][main][info]["LinuxAutoUpdater~Cleanup - Initial cleanup successful"]
[1607][1596368002304][main][info]["Bootstrap-models~bootstrap - Success"]
[1607][1596368002836][main][info]["window-manager~newSharedWindow: Shell loaded"]
[1607][1596368005215][main][info]["Main~AppEvents - Received booted event for process shared"]
[1607][1596368006828][main][info]["UpdateHandler~app-update-events - Received event",{"name":"checkForElectronVersionUpdated","namespace":"appUpdate"}]
[1607][1596368006844][main][info]["Main~AppEvents - Received booted event for process requester"]
[1607][1596368017690][main][info]["UpdateHandler~app-update-events - Received event",{"data":{"additionalParamsString":"installationId=b7cebaa4-5df7-4917-a398-b3882a15e8ae&userId=0&syncEnabled=false&teamPlan=","appId":"b7cebaa4-5df7-4917-a398-b3882a15e8ae","arch":"64","channel":"stable","downloadURL":"https://dl.pstmn.io/download/version/7.29.1/linux_64","downloadVersion":"7.29.1","platform":"LINUX","updateServerDomain":"https://dl.pstmn.io/","userAgent":"Mozilla/5.0 (X11; Linux x86_64) AppleWebKit/537.36 (KHTML, like Gecko) Postman/7.29.0 Chrome/78.0.3904.130 Electron/7.1.14 Safari/537.36","userId":"0","version":"7.29.0"},"name":"updateElectron","namespace":"appUpdate"}]
[1607][1596368017691][main][info]["LinuxUpdater~downloadUpdate - UpdateInfo received",{"additionalParamsString":"installationId=b7cebaa4-5df7-4917-a398-b3882a15e8ae&userId=0&syncEnabled=false&teamPlan=","appId":"b7cebaa4-5df7-4917-a398-b3882a15e8ae","arch":"64","channel":"stable","downloadURL":"https://dl.pstmn.io/download/version/7.29.1/linux_64","downloadVersion":"7.29.1","platform":"LINUX","updateServerDomain":"https://dl.pstmn.io/","userAgent":"Mozilla/5.0 (X11; Linux x86_64) AppleWebKit/537.36 (KHTML, like Gecko) Postman/7.29.0 Chrome/78.0.3904.130 Electron/7.1.14 Safari/537.36","userId":"0","version":"7.29.0"}]
[1607][1596368017992][main][info]["@postman/app-updater: error",{"errno":-13,"code":"EACCES","syscall":"open","path":"/usr/Postman-1596368017692.tar.gz","name":"Error","message":"EACCES: permission denied, open '/usr/Postman-1596368017692.tar.gz'","stack":"Error: EACCES: permission denied, open '/usr/Postman-1596368017692.tar.gz'"},{"packageName":"Postman","eID":"Postman-1596368017692","downloadURL":"https://dl.pstmn.io/download/version/7.29.1/linux_64","downloadDirectory":"/usr","downloadInfo":{"status":"DOWNLOAD_ERROR","error":{"errno":-13,"code":"EACCES","syscall":"open","path":"/usr/Postman-1596368017692.tar.gz"},"downloadDirectory":"/usr"}}]
[1607][1596368017993][main][info]["UpdateHandler~app-update-events - Received event",{"name":"electronAppUpdateError","namespace":"appUpdate","data":{"error":{"errno":-13,"code":"EACCES","syscall":"open","path":"/usr/Postman-1596368017692.tar.gz","name":"Error","message":"EACCES: permission denied, open '/usr/Postman-1596368017692.tar.gz'","stack":"Error: EACCES: permission denied, open '/usr/Postman-1596368017692.tar.gz'"},"updateData":{"packageName":"Postman","eID":"Postman-1596368017692","downloadURL":"https://dl.pstmn.io/download/version/7.29.1/linux_64","downloadDirectory":"/usr","downloadInfo":{"status":"DOWNLOAD_ERROR","error":{"errno":-13,"code":"EACCES","syscall":"open","path":"/usr/Postman-1596368017692.tar.gz"},"downloadDirectory":"/usr"}}}}]
[1607][1596368020720][main][info]["WindowManager~closeHandler - Closed Window (id: 3 )"]
[1607][1596368020737][main][info]["Quitting app"]
[2271][1596368124660][main][info]["Booting Postman 7.29.0, linux-5.7.11-arch1-1 on x64"]
[2271][1596368124662][main][info]["EventBus~initialize - Success"]
[2271][1596368124664][main][warn]["CloudProxyManager~init: Error while reading proxy configuration from user data - ",{"errno":-2,"code":"ENOENT","syscall":"open","path":"/home/tito/.config/Postman/Postman_Config/proxy","name":"Error","message":"ENOENT: no such file or directory, open '/home/tito/.config/Postman/Postman_Config/proxy'","stack":"Error: ENOENT: no such file or directory, open '/home/tito/.config/Postman/Postman_Config/proxy'"}]
[2271][1596368124664][main][info]["CloudProxyManager~init - Success"]
[2271][1596368124668][main][info]["UpdateHandler~init - Success"]
[2271][1596368124868][main][info]["RuntimeIPCAgent~started: Success"]
[2271][1596368124964][main][info]["LinuxAutoUpdater~Cleanup - Initial cleanup successful"]
[2271][1596368125013][main][info]["Bootstrap-models~bootstrap - Success"]
[2271][1596368125241][main][info]["window-manager~newSharedWindow: Shell loaded"]
[2271][1596368127304][main][info]["Main~AppEvents - Received booted event for process shared"]
[2271][1596368128989][main][info]["UpdateHandler~app-update-events - Received event",{"name":"checkForElectronVersionUpdated","namespace":"appUpdate"}]
[2271][1596368129008][main][info]["Main~AppEvents - Received booted event for process requester"]
[2271][1596368133837][main][info]["WindowManager~closeHandler - Closed Window (id: 3 )"]
[2271][1596368133857][main][info]["Quitting app"]
