[34204][1596140515685][requester][info]["EventBus~initialize - Success"]
[34204][1596140515690][requester][info]["Messaging~boot - Success"]
[34204][1596140515718][requester][info]["bootCrashReporter~ Success"]
[34204][1596140515722][requester][info]["Telemetry~boot - Success"]
[34204][1596140515724][requester][info]["bootConfigurations~initialize - Success"]
[34204][1596140515730][requester][info]["Settings~boot - Success"]
[34204][1596140515957][requester][info]["bootstrapModels - Success"]
[34204][1596140515959][requester][info]["WLModels~boot - Success"]
[34204][1596140516387][requester][info]["Session~boot - Success"]
[34204][1596140516406][requester][info]["IndependentServices~boot - Success"]
[34204][1596140516483][requester][info]["AppModels~boot - Success"]
[34204][1596140516489][requester][info]["RuntimeListeners~boot- Success"]
[34204][1596140516490][requester][info]["DBWatcher~boot - Success"]
[34204][1596140516500][requester][info]["ThemeManager~boot - Success"]
[34204][1596140516500][requester][info]["Store~boot - Success"]
[34204][1596140516505][requester][info]["Shortcuts~boot - Success"]
[34204][1596140516506][requester][info]["SyncProxy~boot - Success"]
[34204][1596140516540][requester][info]["NewConsole~boot - Success"]
[34204][1596140516543][requester][info]["APIDevInterface~boot - Success"]
[34204][1596140516580][requester][info]["Requester~boot - Success"]
[34204][1596140516583][requester][info]["booted - requester"]
[34204][1596140516634][requester][warn]["CloudProxyHandler: Error while reading proxy configuration from user data - ",{"errno":-2,"code":"ENOENT","syscall":"open","path":"/home/tito/.config/Postman/Postman_Config/proxy","name":"Error","message":"ENOENT: no such file or directory, open '/home/tito/.config/Postman/Postman_Config/proxy'","stack":"Error: ENOENT: no such file or directory, open '/home/tito/.config/Postman/Postman_Config/proxy'"}]
[34204][1596140520312][requester][info]["SessionValidation - Registering listener"]
[34204][1596140520348][requester][warn]["FeatureFlagsStore~updateFlags: Could not find feature flags",{"error":{"message":"SyncRequestService\\x7erequestListener: Could not fetch from sync. Socket not connected."}}]
[34204][1596140527851][requester][error]["Error in update flow: {\"code\":\"EACCES\",\"errno\":-13,\"message\":\"EACCES: permission denied, open '/usr/Postman-1596140527504.tar.gz'\",\"name\":\"Error\",\"path\":\"/usr/Postman-1596140527504.tar.gz\",\"stack\":\"Error: EACCES: permission denied, open '/usr/Postman-1596140527504.tar.gz'\",\"syscall\":\"open\"}"]
[1607][1596368006682][requester][info]["EventBus~initialize - Success"]
[1607][1596368006683][requester][info]["Messaging~boot - Success"]
[1607][1596368006690][requester][info]["bootCrashReporter~ Success"]
[1607][1596368006692][requester][info]["Telemetry~boot - Success"]
[1607][1596368006692][requester][info]["bootConfigurations~initialize - Success"]
[1607][1596368006694][requester][info]["Settings~boot - Success"]
[1607][1596368006744][requester][info]["bootstrapModels - Success"]
[1607][1596368006745][requester][info]["WLModels~boot - Success"]
[1607][1596368006782][requester][info]["Session~boot - Success"]
[1607][1596368006785][requester][info]["IndependentServices~boot - Success"]
[1607][1596368006800][requester][info]["AppModels~boot - Success"]
[1607][1596368006803][requester][info]["RuntimeListeners~boot- Success"]
[1607][1596368006803][requester][info]["DBWatcher~boot - Success"]
[1607][1596368006806][requester][info]["ThemeManager~boot - Success"]
[1607][1596368006806][requester][info]["Store~boot - Success"]
[1607][1596368006808][requester][info]["Shortcuts~boot - Success"]
[1607][1596368006808][requester][info]["SyncProxy~boot - Success"]
[1607][1596368006822][requester][info]["NewConsole~boot - Success"]
[1607][1596368006826][requester][info]["APIDevInterface~boot - Success"]
[1607][1596368006834][requester][info]["Requester~boot - Success"]
[1607][1596368006834][requester][info]["booted - requester"]
[1607][1596368006859][requester][warn]["CloudProxyHandler: Error while reading proxy configuration from user data - ",{"errno":-2,"code":"ENOENT","syscall":"open","path":"/home/tito/.config/Postman/Postman_Config/proxy","name":"Error","message":"ENOENT: no such file or directory, open '/home/tito/.config/Postman/Postman_Config/proxy'","stack":"Error: ENOENT: no such file or directory, open '/home/tito/.config/Postman/Postman_Config/proxy'"}]
[1607][1596368007823][requester][info]["SessionValidation - Registering listener"]
[1607][1596368007848][requester][warn]["FeatureFlagsStore~updateFlags: Could not find feature flags",{"error":{"message":"SyncRequestService\\x7erequestListener: Could not fetch from sync. Socket not connected."}}]
[1607][1596368018001][requester][error]["Error in update flow: {\"code\":\"EACCES\",\"errno\":-13,\"message\":\"EACCES: permission denied, open '/usr/Postman-1596368017692.tar.gz'\",\"name\":\"Error\",\"path\":\"/usr/Postman-1596368017692.tar.gz\",\"stack\":\"Error: EACCES: permission denied, open '/usr/Postman-1596368017692.tar.gz'\",\"syscall\":\"open\"}"]
[2271][1596368128821][requester][info]["EventBus~initialize - Success"]
[2271][1596368128822][requester][info]["Messaging~boot - Success"]
[2271][1596368128833][requester][info]["bootCrashReporter~ Success"]
[2271][1596368128835][requester][info]["Telemetry~boot - Success"]
[2271][1596368128835][requester][info]["bootConfigurations~initialize - Success"]
[2271][1596368128838][requester][info]["Settings~boot - Success"]
[2271][1596368128891][requester][info]["bootstrapModels - Success"]
[2271][1596368128891][requester][info]["WLModels~boot - Success"]
[2271][1596368128936][requester][info]["Session~boot - Success"]
[2271][1596368128939][requester][info]["IndependentServices~boot - Success"]
[2271][1596368128956][requester][info]["AppModels~boot - Success"]
[2271][1596368128959][requester][info]["RuntimeListeners~boot- Success"]
[2271][1596368128959][requester][info]["DBWatcher~boot - Success"]
[2271][1596368128963][requester][info]["ThemeManager~boot - Success"]
[2271][1596368128963][requester][info]["Store~boot - Success"]
[2271][1596368128965][requester][info]["Shortcuts~boot - Success"]
[2271][1596368128966][requester][info]["SyncProxy~boot - Success"]
[2271][1596368128978][requester][info]["NewConsole~boot - Success"]
[2271][1596368128987][requester][info]["APIDevInterface~boot - Success"]
[2271][1596368128996][requester][info]["Requester~boot - Success"]
[2271][1596368128997][requester][info]["booted - requester"]
[2271][1596368129026][requester][warn]["CloudProxyHandler: Error while reading proxy configuration from user data - ",{"errno":-2,"code":"ENOENT","syscall":"open","path":"/home/tito/.config/Postman/Postman_Config/proxy","name":"Error","message":"ENOENT: no such file or directory, open '/home/tito/.config/Postman/Postman_Config/proxy'","stack":"Error: ENOENT: no such file or directory, open '/home/tito/.config/Postman/Postman_Config/proxy'"}]
[2271][1596368129971][requester][info]["SessionValidation - Registering listener"]
[2271][1596368129991][requester][warn]["FeatureFlagsStore~updateFlags: Could not find feature flags",{"error":{"message":"SyncRequestService\\x7erequestListener: Could not fetch from sync. Socket not connected."}}]
