[34204][1596140505570][shell][info]["EventBus~initialize - Success"]
[34204][1596140505587][shell][info]["bootShellCrashReporter~ Success"]
[34204][1596140505590][shell][info]["shellController~init: Success"]
[34204][1596140505591][shell][info]["shellMeta~init: Success"]
[34204][1596140505621][shell][info]["init~setViewAttributes - Initializing view with opts:",{"devtools":false,"id":2,"startTime":1596140505128,"type":"shared","partitionId":"default"}]
[34204][1596140505624][shell][info]["init~setViewAttributes - Success"]
[34204][1596140512088][shell][info]["EventBus~initialize - Success"]
[34204][1596140512126][shell][info]["bootShellCrashReporter~ Success"]
[34204][1596140512139][shell][info]["shellController~init: Success"]
[34204][1596140512141][shell][info]["shellMeta~init: Success"]
[34204][1596140512180][shell][info]["init~setViewAttributes - Initializing view with opts:",{"allIds":[4],"devtools":false,"id":4,"primaryId":4,"startTime":1596140511255,"type":"requester","partitionId":"default"}]
[34204][1596140512184][shell][info]["init~setViewAttributes - Success"]
[1607][1596368002744][shell][info]["EventBus~initialize - Success"]
[1607][1596368002786][shell][info]["bootShellCrashReporter~ Success"]
[1607][1596368002798][shell][info]["shellController~init: Success"]
[1607][1596368002800][shell][info]["shellMeta~init: Success"]
[1607][1596368002843][shell][info]["init~setViewAttributes - Initializing view with opts:",{"devtools":false,"id":2,"startTime":1596368002187,"type":"shared","partitionId":"default"}]
[1607][1596368002844][shell][info]["init~setViewAttributes - Success"]
[1607][1596368005507][shell][info]["EventBus~initialize - Success"]
[1607][1596368005513][shell][info]["bootShellCrashReporter~ Success"]
[1607][1596368005515][shell][info]["shellController~init: Success"]
[1607][1596368005515][shell][info]["shellMeta~init: Success"]
[1607][1596368005524][shell][info]["init~setViewAttributes - Initializing view with opts:",{"allIds":[3],"devtools":false,"id":3,"primaryId":3,"startTime":1596368005263,"type":"requester","partitionId":"default"}]
[1607][1596368005525][shell][info]["init~setViewAttributes - Success"]
[2271][1596368125220][shell][info]["EventBus~initialize - Success"]
[2271][1596368125230][shell][info]["bootShellCrashReporter~ Success"]
[2271][1596368125233][shell][info]["shellController~init: Success"]
[2271][1596368125234][shell][info]["shellMeta~init: Success"]
[2271][1596368125252][shell][info]["init~setViewAttributes - Initializing view with opts:",{"devtools":false,"id":2,"startTime":1596368124919,"type":"shared","partitionId":"default"}]
[2271][1596368125253][shell][info]["init~setViewAttributes - Success"]
[2271][1596368127556][shell][info]["EventBus~initialize - Success"]
[2271][1596368127562][shell][info]["bootShellCrashReporter~ Success"]
[2271][1596368127564][shell][info]["shellController~init: Success"]
[2271][1596368127564][shell][info]["shellMeta~init: Success"]
[2271][1596368127573][shell][info]["init~setViewAttributes - Initializing view with opts:",{"allIds":[3],"devtools":false,"id":3,"primaryId":3,"startTime":1596368127348,"type":"requester","partitionId":"default"}]
[2271][1596368127574][shell][info]["init~setViewAttributes - Success"]
